<?xml version="1.0" encoding="UTF-8"?>
<!-- Generated by org.testng.reporters.JUnitReportReporter -->
<testsuite hostname="DESKTOP-O68Q0PT" failures="0" tests="1" name="testNG.Time" time="5.118" errors="1" timestamp="2024-02-18T22:24:09 PST" skipped="0">
  <testcase classname="testNG.Time" name="f" time="5.118">
    <error message="Method testNG.Time.f() didn&#039;t finish within the time-out 5000" type="org.testng.internal.thread.ThreadTimeoutException">
      <![CDATA[org.testng.internal.thread.ThreadTimeoutException: Method testNG.Time.f() didn't finish within the time-out 5000
at java.base@17.0.8.1/java.lang.ClassLoader.defineClass1(Native Method)
at java.base@17.0.8.1/java.lang.ClassLoader.defineClass(ClassLoader.java:1017)
at java.base@17.0.8.1/java.security.SecureClassLoader.defineClass(SecureClassLoader.java:150)
at java.base@17.0.8.1/jdk.internal.loader.BuiltinClassLoader.defineClass(BuiltinClassLoader.java:862)
at java.base@17.0.8.1/jdk.internal.loader.BuiltinClassLoader.findClassOnClassPathOrNull(BuiltinClassLoader.java:760)
at java.base@17.0.8.1/jdk.internal.loader.BuiltinClassLoader.loadClassOrNull(BuiltinClassLoader.java:681)
at java.base@17.0.8.1/jdk.internal.loader.BuiltinClassLoader.loadClass(BuiltinClassLoader.java:639)
at java.base@17.0.8.1/jdk.internal.loader.ClassLoaders$AppClassLoader.loadClass(ClassLoaders.java:188)
at java.base@17.0.8.1/java.lang.ClassLoader.loadClass(ClassLoader.java:525)
at java.base@17.0.8.1/java.lang.ClassLoader.defineClass1(Native Method)
at java.base@17.0.8.1/java.lang.ClassLoader.defineClass(ClassLoader.java:1017)
at java.base@17.0.8.1/java.security.SecureClassLoader.defineClass(SecureClassLoader.java:150)
at java.base@17.0.8.1/jdk.internal.loader.BuiltinClassLoader.defineClass(BuiltinClassLoader.java:862)
at java.base@17.0.8.1/jdk.internal.loader.BuiltinClassLoader.findClassOnClassPathOrNull(BuiltinClassLoader.java:760)
at java.base@17.0.8.1/jdk.internal.loader.BuiltinClassLoader.loadClassOrNull(BuiltinClassLoader.java:681)
at java.base@17.0.8.1/jdk.internal.loader.BuiltinClassLoader.loadClass(BuiltinClassLoader.java:639)
at java.base@17.0.8.1/jdk.internal.loader.ClassLoaders$AppClassLoader.loadClass(ClassLoaders.java:188)
at java.base@17.0.8.1/java.lang.ClassLoader.loadClass(ClassLoader.java:525)
at java.base@17.0.8.1/java.lang.ClassLoader.defineClass1(Native Method)
at java.base@17.0.8.1/java.lang.ClassLoader.defineClass(ClassLoader.java:1017)
at java.base@17.0.8.1/java.security.SecureClassLoader.defineClass(SecureClassLoader.java:150)
at java.base@17.0.8.1/jdk.internal.loader.BuiltinClassLoader.defineClass(BuiltinClassLoader.java:862)
at java.base@17.0.8.1/jdk.internal.loader.BuiltinClassLoader.findClassOnClassPathOrNull(BuiltinClassLoader.java:760)
at java.base@17.0.8.1/jdk.internal.loader.BuiltinClassLoader.loadClassOrNull(BuiltinClassLoader.java:681)
at java.base@17.0.8.1/jdk.internal.loader.BuiltinClassLoader.loadClass(BuiltinClassLoader.java:639)
at java.base@17.0.8.1/jdk.internal.loader.ClassLoaders$AppClassLoader.loadClass(ClassLoaders.java:188)
at java.base@17.0.8.1/java.lang.ClassLoader.loadClass(ClassLoader.java:525)
at java.base@17.0.8.1/java.lang.ClassLoader.defineClass1(Native Method)
at java.base@17.0.8.1/java.lang.ClassLoader.defineClass(ClassLoader.java:1017)
at java.base@17.0.8.1/java.security.SecureClassLoader.defineClass(SecureClassLoader.java:150)
at java.base@17.0.8.1/jdk.internal.loader.BuiltinClassLoader.defineClass(BuiltinClassLoader.java:862)
at java.base@17.0.8.1/jdk.internal.loader.BuiltinClassLoader.findClassOnClassPathOrNull(BuiltinClassLoader.java:760)
at java.base@17.0.8.1/jdk.internal.loader.BuiltinClassLoader.loadClassOrNull(BuiltinClassLoader.java:681)
at java.base@17.0.8.1/jdk.internal.loader.BuiltinClassLoader.loadClass(BuiltinClassLoader.java:639)
at java.base@17.0.8.1/jdk.internal.loader.ClassLoaders$AppClassLoader.loadClass(ClassLoaders.java:188)
at java.base@17.0.8.1/java.lang.ClassLoader.loadClass(ClassLoader.java:525)
at app//org.openqa.selenium.remote.http.HttpMessage.<init>(HttpMessage.java:40)
at app//org.openqa.selenium.remote.http.HttpRequest.<init>(HttpRequest.java:31)
at app//org.openqa.selenium.remote.ProtocolHandshake.createSession(ProtocolHandshake.java:103)
at app//org.openqa.selenium.remote.ProtocolHandshake.createSession(ProtocolHandshake.java:96)
at app//org.openqa.selenium.remote.ProtocolHandshake.createSession(ProtocolHandshake.java:68)
at app//org.openqa.selenium.remote.HttpCommandExecutor.execute(HttpCommandExecutor.java:163)
at app//org.openqa.selenium.remote.service.DriverCommandExecutor.invokeExecute(DriverCommandExecutor.java:200)
at app//org.openqa.selenium.remote.service.DriverCommandExecutor.execute(DriverCommandExecutor.java:175)
at app//org.openqa.selenium.remote.RemoteWebDriver.execute(RemoteWebDriver.java:607)
at app//org.openqa.selenium.remote.RemoteWebDriver.startSession(RemoteWebDriver.java:241)
at app//org.openqa.selenium.remote.RemoteWebDriver.<init>(RemoteWebDriver.java:168)
at app//org.openqa.selenium.chromium.ChromiumDriver.<init>(ChromiumDriver.java:108)
at app//org.openqa.selenium.chrome.ChromeDriver.<init>(ChromeDriver.java:89)
at app//org.openqa.selenium.chrome.ChromeDriver.<init>(ChromeDriver.java:84)
at app//org.openqa.selenium.chrome.ChromeDriver.<init>(ChromeDriver.java:52)
at app//testNG.Time.f(Time.java:13)
at java.base@17.0.8.1/jdk.internal.reflect.NativeMethodAccessorImpl.invoke0(Native Method)
at java.base@17.0.8.1/jdk.internal.reflect.NativeMethodAccessorImpl.invoke(NativeMethodAccessorImpl.java:77)
at java.base@17.0.8.1/jdk.internal.reflect.DelegatingMethodAccessorImpl.invoke(DelegatingMethodAccessorImpl.java:43)
at java.base@17.0.8.1/java.lang.reflect.Method.invoke(Method.java:568)
at app//org.testng.internal.invokers.MethodInvocationHelper.invokeMethod(MethodInvocationHelper.java:139)
at app//org.testng.internal.invokers.InvokeMethodRunnable.runOne(InvokeMethodRunnable.java:47)
at app//org.testng.internal.invokers.InvokeMethodRunnable.call(InvokeMethodRunnable.java:76)
at app//org.testng.internal.invokers.InvokeMethodRunnable.call(InvokeMethodRunnable.java:11)
at java.base@17.0.8.1/java.util.concurrent.FutureTask.run(FutureTask.java:264)
at java.base@17.0.8.1/java.util.concurrent.ThreadPoolExecutor.runWorker(ThreadPoolExecutor.java:1136)
at java.base@17.0.8.1/java.util.concurrent.ThreadPoolExecutor$Worker.run(ThreadPoolExecutor.java:635)
at java.base@17.0.8.1/java.lang.Thread.run(Thread.java:833)
]]>
    </error>
  </testcase> <!-- f -->
</testsuite> <!-- testNG.Time -->
